   0.000 2024-07-31 17:18:11; Factorio 1.1.109 (build 62320, linux64, headless)
   0.023 Operating system: Linux (SteamOS rolling)
   0.024 Program arguments: "/home/deck/factorio/bin/x64/factorio" "--start-server-load-latest" "--config" "/home/deck/Steam-Deck-files/factorio-server/config.ini" "--server-settings" "/home/deck/Steam-Deck-files/factorio-server/server-setting.json" 
   0.024 Config path: /home/deck/Steam-Deck-files/factorio-server/config.ini
   0.024 Read data path: /home/deck/factorio/data
   0.024 Write data path: /home/deck/.factorio [448356/468913MB]
   0.024 Binaries path: /home/deck/factorio/bin
   0.034 System info: [CPU: AMD Custom APU 0405, 8 cores, RAM: 14812 MB]
   0.034 Environment: DISPLAY=:0 WAYLAND_DISPLAY=<unset> DESKTOP_SESSION=plasma-steamos-oneshot XDG_SESSION_DESKTOP=KDE (One-Time Launch) XDG_CURRENT_DESKTOP=KDE __GL_FSAA_MODE=<unset> __GL_LOG_MAX_ANISO=<unset> __GL_SYNC_TO_VBLANK=<unset> __GL_SORT_FBCONFIGS=<unset> __GL_YIELD=<unset>
   0.034 Running in headless mode
   0.150 Loading mod settings belt-visualizer 1.3.7 (settings.lua)
   0.151 Loading mod settings VehicleSnap 1.18.5 (settings.lua)
   0.152 Loading mod settings better-victory-screen 0.3.1 (settings.lua)
   0.153 Loading mod settings ch-concentrated-solar 0.3.3 (settings.lua)
   0.154 Loading mod settings circuit-checker 1.1.7 (settings.lua)
   0.155 Loading mod settings ClearSkiesOfPeace 1.3.0 (settings.lua)
   0.156 Loading mod settings Constructron-Continued 1.1.19 (settings.lua)
   0.157 Loading mod settings DisplayPlates 1.5.1 (settings.lua)
   0.158 Loading mod settings exotic-industries-graphics 0.6.0 (settings.lua)
   0.159 Loading mod settings exotic-industries-graphics-2 0.5.7 (settings.lua)
   0.159 Loading mod settings exotic-industries-trains 0.0.2 (settings.lua)
   0.161 Loading mod settings extra-storage-tank-minibuffer 0.1.4 (settings.lua)
   0.162 Loading mod settings FactorySearch 1.11.1 (settings.lua)
   0.163 Loading mod settings Flow Control 3.1.4 (settings.lua)
   0.164 Loading mod settings Fluid-level-indicator 0.8.5 (settings.lua)
   0.165 Loading mod settings ghost-counter 1.2.1 (settings.lua)
   0.166 Loading mod settings helmod 1.0.12 (settings.lua)
   0.172 Loading mod settings informatron 0.3.4 (settings.lua)
   0.173 Loading mod settings inserter-throughput 0.1.5 (settings.lua)
   0.174 Loading mod settings inventory-repair 19.1.1 (settings.lua)
   0.175 Loading mod settings mining-patch-planner 1.6.10 (settings.lua)
   0.176 Loading mod settings show-max-underground-distance 0.0.9 (settings.lua)
   0.177 Loading mod settings Squeak Through 1.8.2 (settings.lua)
   0.179 Loading mod settings BlueprintTools 1.3.1 (settings.lua)
   0.180 Loading mod settings circuit_visualizer 1.0.1 (settings.lua)
   0.181 Loading mod settings CursorEnhancements 2.1.1 (settings.lua)
   0.182 Loading mod settings dqol-resource-monitor 1.1.1 (settings.lua)
   0.184 Loading mod settings equipment-gantry 0.1.5 (settings.lua)
   0.185 Loading mod settings exotic-industries-fueler 0.1.2 (settings.lua)
   0.186 Loading mod settings FluidMustFlow 1.3.5 (settings.lua)
   0.187 Loading mod settings Milestones 1.3.25 (settings.lua)
   0.188 Loading mod settings ModuleInserterEx 6.1.2 (settings.lua)
   0.189 Loading mod settings Nanobots 3.2.19 (settings.lua)
   0.190 Loading mod settings PipeVisualizer 2.2.1 (settings.lua)
   0.191 Loading mod settings RateCalculator 3.2.5 (settings.lua)
   0.193 Loading mod settings RemoteConfiguration 1.2.6 (settings.lua)
   0.194 Loading mod settings Shortcuts-ick 1.1.28 (settings.lua)
   0.197 Loading mod settings exotic-industries 0.6.9 (settings.lua)
   0.198 Loading mod settings SpidertronEnhancements 1.9.2 (settings.lua)
   0.200 Loading mod settings UltimateResearchQueue 1.1.0 (settings.lua)
   0.201 Loading mod settings SpidertronPatrols 2.4.10 (settings.lua)
   0.203 Loading mod settings exotic-industries 0.6.9 (settings-updates.lua)
   0.209 Loading mod core 0.0.0 (data.lua)
   0.246 Loading mod base 1.1.109 (data.lua)
   0.528 Loading mod belt-visualizer 1.3.7 (data.lua)
   0.542 Loading mod VehicleSnap 1.18.5 (data.lua)
   0.555 Loading mod aai-signal-transmission 0.4.9 (data.lua)
   0.570 Loading mod better-victory-screen 0.3.1 (data.lua)
   0.583 Loading mod botReplacer 1.1.2 (data.lua)
   0.597 Loading mod ch-concentrated-solar 0.3.3 (data.lua)
   0.615 Loading mod circuit-checker 1.1.7 (data.lua)
   0.628 Loading mod ClearSkiesOfPeace 1.3.0 (data.lua)
   0.640 Loading mod Constructron-Continued 1.1.19 (data.lua)
   0.649 Script @__Constructron-Continued__/data/lib/lib_spider.lua:218: legs_#8
   0.671 Loading mod DisplayPlates 1.5.1 (data.lua)
   0.684 Loading mod exotic-industries-containers 0.0.5 (data.lua)
   0.700 Loading mod exotic-industries-graphics 0.6.0 (data.lua)
   0.712 Loading mod exotic-industries-loaders 0.0.3 (data.lua)
   0.725 Loading mod exotic-industries-robots 0.1.0 (data.lua)
   0.739 Loading mod exotic-industries-tanks 0.1.0 (data.lua)
   0.751 Loading mod exotic-industries-trains 0.0.2 (data.lua)
   0.772 Loading mod extra-storage-tank 0.1.3 (data.lua)
   0.786 Loading mod extra-storage-tank-minibuffer 0.1.4 (data.lua)
   0.800 Loading mod FactorySearch 1.11.1 (data.lua)
   0.813 Loading mod flib 0.14.2 (data.lua)
   0.828 Loading mod Flow Control 3.1.4 (data.lua)
   0.845 Loading mod Fluid-level-indicator 0.8.5 (data.lua)
   0.859 Loading mod ghost-counter 1.2.1 (data.lua)
   0.872 Loading mod helmod 1.0.12 (data.lua)
   0.954 Loading mod informatron 0.3.4 (data.lua)
   0.981 Loading mod inserter-throughput 0.1.5 (data.lua)
   1.006 Loading mod mining-patch-planner 1.6.10 (data.lua)
   1.034 Loading mod roborange 0.0.4 (data.lua)
   1.059 Loading mod Teleporters 1.0.5 (data.lua)
   1.086 Loading mod textplates 0.6.10 (data.lua)
   1.127 Loading mod train-upgrader 1.0.5 (data.lua)
   1.155 Loading mod WellPlanner 1.1.6 (data.lua)
   1.183 Loading mod BlueprintTools 1.3.1 (data.lua)
   1.211 Loading mod ChangeInserterDropLane 1.0.3 (data.lua)
   1.239 Loading mod circuit_visualizer 1.0.1 (data.lua)
   1.267 Loading mod CursorEnhancements 2.1.1 (data.lua)
   1.293 Loading mod dqol-resource-monitor 1.1.1 (data.lua)
   1.322 Loading mod equipment-gantry 0.1.5 (data.lua)
   1.323 Script @__equipment-gantry__/data.lua:1: Log mods once: {
  BlueprintTools = "1.3.1",
  ChangeInserterDropLane = "1.0.3",
  ClearSkiesOfPeace = "1.3.0",
  ["Constructron-Continued"] = "1.1.19",
  CursorEnhancements = "2.1.1",
  DisplayPlates = "1.5.1",
  Empty_Miner_Tool = "1.0.0",
  FactorySearch = "1.11.1",
  ["Flow Control"] = "3.1.4",
  ["Fluid-level-indicator"] = "0.8.5",
  FluidMustFlow = "1.3.5",
  Milestones = "1.3.25",
  ModuleInserterEx = "6.1.2",
  Nanobots = "3.2.19",
  PipeVisualizer = "2.2.1",
  RateCalculator = "3.2.5",
  RecipeBook = "3.5.10",
  RemoteConfiguration = "1.2.6",
  ["Shortcuts-ick"] = "1.1.28",
  SpidertronEnhancements = "1.9.2",
  SpidertronPatrols = "2.4.10",
  ["Squeak Through"] = "1.8.2",
  Teleporters = "1.0.5",
  UltimateResearchQueue = "1.1.0",
  VehicleSnap = "1.18.5",
  WellPlanner = "1.1.6",
  ["aai-signal-transmission"] = "0.4.9",
  base = "1.1.109",
  ["belt-visualizer"] = "1.3.7",
  ["better-victory-screen"] = "0.3.1",
  botReplacer = "1.1.2",
  ["ch-concentrated-solar"] = "0.3.3",
  ["circuit-checker"] = "1.1.7",
  circuit_visualizer = "1.0.1",
  ["dqol-resource-monitor"] = "1.1.1",
  ["equipment-gantry"] = "0.1.5",
  ["exotic-industries"] = "0.6.9",
  ["exotic-industries-containers"] = "0.0.5",
  ["exotic-industries-fueler"] = "0.1.2",
  ["exotic-industries-graphics"] = "0.6.0",
  ["exotic-industries-graphics-2"] = "0.5.7",
  ["exotic-industries-loaders"] = "0.0.3",
  ["exotic-industries-modpack"] = "0.5.10",
  ["exotic-industries-robots"] = "0.1.0",
  ["exotic-industries-tanks"] = "0.1.0",
  ["exotic-industries-trains"] = "0.0.2",
  ["extra-storage-tank"] = "0.1.3",
  ["extra-storage-tank-minibuffer"] = "0.1.4",
  factoryplanner = "1.1.78",
  flib = "0.14.2",
  ["ghost-counter"] = "1.2.1",
  helmod = "1.0.12",
  informatron = "0.3.4",
  ["inserter-throughput"] = "0.1.5",
  ["inventory-repair"] = "19.1.1",
  ["mining-patch-planner"] = "1.6.10",
  roborange = "0.0.4",
  ["show-max-underground-distance"] = "0.0.9",
  ["spidertron-extra"] = "0.9.7",
  stdlib = "1.4.8",
  textplates = "0.6.10",
  ["train-upgrader"] = "1.0.5"
}
   1.351 Loading mod exotic-industries-fueler 0.1.2 (data.lua)
   1.380 Loading mod FluidMustFlow 1.3.5 (data.lua)
   1.410 Loading mod Milestones 1.3.25 (data.lua)
   1.439 Loading mod ModuleInserterEx 6.1.2 (data.lua)
   1.468 Loading mod Nanobots 3.2.19 (data.lua)
   1.503 Loading mod PipeVisualizer 2.2.1 (data.lua)
   1.532 Loading mod RateCalculator 3.2.5 (data.lua)
   1.562 Loading mod RecipeBook 3.5.10 (data.lua)
   1.593 Loading mod RemoteConfiguration 1.2.6 (data.lua)
   1.624 Loading mod Shortcuts-ick 1.1.28 (data.lua)
   1.654 Loading mod exotic-industries 0.6.9 (data.lua)
   1.769 Loading mod factoryplanner 1.1.78 (data.lua)
   1.802 Loading mod SpidertronEnhancements 1.9.2 (data.lua)
   1.837 Loading mod UltimateResearchQueue 1.1.0 (data.lua)
   1.872 Loading mod SpidertronPatrols 2.4.10 (data.lua)
   1.915 Loading mod base 1.1.109 (data-updates.lua)
   1.991 Loading mod ch-concentrated-solar 0.3.3 (data-updates.lua)
   2.043 Loading mod Constructron-Continued 1.1.19 (data-updates.lua)
   2.098 Loading mod DisplayPlates 1.5.1 (data-updates.lua)
   2.154 Loading mod exotic-industries-containers 0.0.5 (data-updates.lua)
   2.162 Script @__exotic-industries-containers__/lib/lib.lua:145: Adding bigger container to tech: steel-processing
   2.162 Script @__exotic-industries-containers__/lib/lib.lua:145: Adding bigger container to tech: construction-robotics
   2.162 Script @__exotic-industries-containers__/lib/lib.lua:145: Adding bigger container to tech: construction-robotics
   2.163 Script @__exotic-industries-containers__/lib/lib.lua:145: Adding bigger container to tech: logistic-robotics
   2.163 Script @__exotic-industries-containers__/lib/lib.lua:145: Adding bigger container to tech: logistic-robotics
   2.163 Script @__exotic-industries-containers__/lib/lib.lua:145: Adding bigger container to tech: logistic-system
   2.163 Script @__exotic-industries-containers__/lib/lib.lua:145: Adding bigger container to tech: logistic-system
   2.163 Script @__exotic-industries-containers__/lib/lib.lua:145: Adding bigger container to tech: logistic-system
   2.216 Loading mod exotic-industries-graphics 0.6.0 (data-updates.lua)
   2.270 Loading mod exotic-industries-loaders 0.0.3 (data-updates.lua)
   2.326 Loading mod exotic-industries-robots 0.1.0 (data-updates.lua)
   2.381 Loading mod exotic-industries-tanks 0.1.0 (data-updates.lua)
   2.435 Loading mod exotic-industries-trains 0.0.2 (data-updates.lua)
   2.487 Loading mod FactorySearch 1.11.1 (data-updates.lua)
   2.542 Loading mod Flow Control 3.1.4 (data-updates.lua)
   2.598 Loading mod inventory-repair 19.1.1 (data-updates.lua)
   2.657 Loading mod spidertron-extra 0.9.7 (data-updates.lua)
   2.714 Loading mod Squeak Through 1.8.2 (data-updates.lua)
   2.772 Loading mod textplates 0.6.10 (data-updates.lua)
   2.831 Loading mod train-upgrader 1.0.5 (data-updates.lua)
   2.889 Loading mod ChangeInserterDropLane 1.0.3 (data-updates.lua)
   2.952 Loading mod exotic-industries-fueler 0.1.2 (data-updates.lua)
   3.011 Loading mod Nanobots 3.2.19 (data-updates.lua)
   3.095 Loading mod Shortcuts-ick 1.1.28 (data-updates.lua)
   3.173 Loading mod exotic-industries 0.6.9 (data-updates.lua)
   3.180 Script @__exotic-industries__/scripts/data-updates/vanilla_resources.lua:24: Removed autoplace for uranium-ore
   3.180 Script @__exotic-industries__/scripts/data-updates/vanilla_resources.lua:24: Removed autoplace for stone
   3.180 Script @__exotic-industries__/scripts/data-updates/vanilla_resources.lua:46: Removed autoplace-control for stone in map-gen-presets: rich-resources
   3.180 Script @__exotic-industries__/scripts/data-updates/vanilla_resources.lua:46: Removed autoplace-control for uranium-ore in map-gen-presets: rich-resources
   3.180 Script @__exotic-industries__/scripts/data-updates/vanilla_resources.lua:46: Removed autoplace-control for uranium-ore in map-gen-presets: rail-world
   3.180 Script @__exotic-industries__/scripts/data-updates/vanilla_resources.lua:46: Removed autoplace-control for stone in map-gen-presets: rail-world
   3.180 Script @__exotic-industries__/scripts/data-updates/vanilla_resources.lua:46: Removed autoplace-control for uranium-ore in map-gen-presets: ribbon-world
   3.180 Script @__exotic-industries__/scripts/data-updates/vanilla_resources.lua:46: Removed autoplace-control for stone in map-gen-presets: ribbon-world
   3.180 Script @__exotic-industries__/scripts/data-updates/vanilla_resources.lua:131: Removed gaia tiles from map-gen-presets: rich-resources
   3.180 Script @__exotic-industries__/scripts/data-updates/vanilla_resources.lua:131: Removed gaia tiles from map-gen-presets: marathon
   3.180 Script @__exotic-industries__/scripts/data-updates/vanilla_resources.lua:131: Removed gaia tiles from map-gen-presets: death-world
   3.181 Script @__exotic-industries__/scripts/data-updates/vanilla_resources.lua:131: Removed gaia tiles from map-gen-presets: death-world-marathon
   3.181 Script @__exotic-industries__/scripts/data-updates/vanilla_resources.lua:131: Removed gaia tiles from map-gen-presets: rail-world
   3.181 Script @__exotic-industries__/scripts/data-updates/vanilla_resources.lua:131: Removed gaia tiles from map-gen-presets: ribbon-world
   3.181 Script @__exotic-industries__/scripts/data-updates/vanilla_resources.lua:131: Removed gaia tiles from map-gen-presets: island
   3.254 Script @__exotic-industries__/scripts/data-updates/locale_updates.lua:71: copied description from item rocket-silo to entity rocket-silo
   3.254 Script @__exotic-industries__/scripts/data-updates/locale_updates.lua:71: copied description from item oil-refinery to entity oil-refinery
   3.306 Loading mod SpidertronEnhancements 1.9.2 (data-updates.lua)
   3.360 Loading mod SpidertronPatrols 2.4.10 (data-updates.lua)
   3.407 Loading mod Constructron-Continued 1.1.19 (data-final-fixes.lua)
   3.451 Loading mod Empty_Miner_Tool 1.0.0 (data-final-fixes.lua)
   3.493 Loading mod exotic-industries-containers 0.0.5 (data-final-fixes.lua)
   3.543 Loading mod exotic-industries-graphics 0.6.0 (data-final-fixes.lua)
   3.583 Loading mod exotic-industries-loaders 0.0.3 (data-final-fixes.lua)
   3.622 Loading mod exotic-industries-robots 0.1.0 (data-final-fixes.lua)
   3.662 Loading mod exotic-industries-tanks 0.1.0 (data-final-fixes.lua)
   3.700 Loading mod exotic-industries-trains 0.0.2 (data-final-fixes.lua)
   3.740 Loading mod Flow Control 3.1.4 (data-final-fixes.lua)
   3.779 Loading mod show-max-underground-distance 0.0.9 (data-final-fixes.lua)
   3.819 Loading mod WellPlanner 1.1.6 (data-final-fixes.lua)
   3.859 Loading mod exotic-industries-fueler 0.1.2 (data-final-fixes.lua)
   3.900 Loading mod FluidMustFlow 1.3.5 (data-final-fixes.lua)
   3.940 Loading mod ModuleInserterEx 6.1.2 (data-final-fixes.lua)
   3.980 Loading mod Shortcuts-ick 1.1.28 (data-final-fixes.lua)
   4.022 Loading mod exotic-industries 0.6.9 (data-final-fixes.lua)
   4.039 Script @__exotic-industries__/scripts/data-final-updates/final-tech-fixes.lua:448: Added ei_space-quantum-age-tech to physical-projectile-damage-7
   4.039 Script @__exotic-industries__/scripts/data-final-updates/final-tech-fixes.lua:448: Added ei_fusion-quantum-age-tech to physical-projectile-damage-7
   4.040 Script @__exotic-industries__/scripts/data-final-updates/final-tech-fixes.lua:448: Added ei_space-quantum-age-tech to refined-flammables-7
   4.040 Script @__exotic-industries__/scripts/data-final-updates/final-tech-fixes.lua:448: Added ei_fusion-quantum-age-tech to refined-flammables-7
   4.040 Script @__exotic-industries__/scripts/data-final-updates/final-tech-fixes.lua:448: Added ei_knowledge-computer-age-tech to artillery-shell-range-1
   4.040 Script @__exotic-industries__/scripts/data-final-updates/final-tech-fixes.lua:448: Added ei_quantum-age-tech to artillery-shell-range-1
   4.040 Script @__exotic-industries__/scripts/data-final-updates/final-tech-fixes.lua:448: Added ei_space-quantum-age-tech to artillery-shell-range-1
   4.040 Script @__exotic-industries__/scripts/data-final-updates/final-tech-fixes.lua:448: Added ei_fusion-quantum-age-tech to artillery-shell-range-1
   4.040 Script @__exotic-industries__/scripts/data-final-updates/final-tech-fixes.lua:448: Added ei_knowledge-computer-age-tech to artillery-shell-speed-1
   4.040 Script @__exotic-industries__/scripts/data-final-updates/final-tech-fixes.lua:448: Added ei_quantum-age-tech to artillery-shell-speed-1
   4.040 Script @__exotic-industries__/scripts/data-final-updates/final-tech-fixes.lua:448: Added ei_space-quantum-age-tech to artillery-shell-speed-1
   4.040 Script @__exotic-industries__/scripts/data-final-updates/final-tech-fixes.lua:448: Added ei_fusion-quantum-age-tech to artillery-shell-speed-1
   4.040 Script @__exotic-industries__/scripts/data-final-updates/final-tech-fixes.lua:448: Added ei_computer-age-tech to teleporter
   4.040 Script @__exotic-industries__/scripts/data-final-updates/final-tech-fixes.lua:448: Added ei_knowledge-computer-age-tech to ei_quantum-age
   4.123 Loading mod SpidertronEnhancements 1.9.2 (data-final-fixes.lua)
   4.128 Script @__SpidertronEnhancements__/prototypes/collision-mask.lua:20: Added large-entity-layer to entity: ei_excavator
   4.130 Script @__SpidertronEnhancements__/collision-mask-util-extended/data/collision-mask-util-extended.lua:111: Named collision layer [large-entity-layer] set to layer [layer-13]
   4.131 Script @__SpidertronEnhancements__/prototypes/collision-mask.lua:20: Added large-entity-layer to entity: ei_quantum-computer
   4.131 Script @__SpidertronEnhancements__/prototypes/collision-mask.lua:20: Added large-entity-layer to entity: ei_fusion-reactor
   4.131 Script @__SpidertronEnhancements__/prototypes/collision-mask.lua:20: Added large-entity-layer to entity: ei_accelerator
   4.131 Script @__SpidertronEnhancements__/prototypes/collision-mask.lua:20: Added large-entity-layer to entity: ei_gate-container
   4.131 Script @__SpidertronEnhancements__/prototypes/collision-mask.lua:20: Added large-entity-layer to entity: ei_black-hole
   4.131 Script @__SpidertronEnhancements__/prototypes/collision-mask.lua:20: Added large-entity-layer to entity: ei_gate
   4.131 Script @__SpidertronEnhancements__/prototypes/collision-mask.lua:20: Added large-entity-layer to entity: ei_big-lab
   4.131 Script @__SpidertronEnhancements__/prototypes/collision-mask.lua:33: Added large-entity-layer to tile: water-wube
   4.131 Script @__SpidertronEnhancements__/prototypes/collision-mask.lua:33: Added large-entity-layer to tile: out-of-map
   4.131 Script @__SpidertronEnhancements__/prototypes/collision-mask.lua:33: Added large-entity-layer to tile: deepwater
   4.131 Script @__SpidertronEnhancements__/prototypes/collision-mask.lua:33: Added large-entity-layer to tile: deepwater-green
   4.131 Script @__SpidertronEnhancements__/prototypes/collision-mask.lua:33: Added large-entity-layer to tile: water
   4.131 Script @__SpidertronEnhancements__/prototypes/collision-mask.lua:33: Added large-entity-layer to tile: water-green
   4.170 Loading mod SpidertronPatrols 2.4.10 (data-final-fixes.lua)
   4.356 Checksum for core: 607699937
   4.357 Checksum of base: 1054619811
   4.357 Checksum of belt-visualizer: 4165789149
   4.357 Checksum of VehicleSnap: 726116391
   4.357 Checksum of aai-signal-transmission: 117271088
   4.357 Checksum of better-victory-screen: 2863072777
   4.357 Checksum of botReplacer: 3425691996
   4.357 Checksum of ch-concentrated-solar: 3066780074
   4.357 Checksum of circuit-checker: 24324490
   4.357 Checksum of ClearSkiesOfPeace: 875383509
   4.357 Checksum of Constructron-Continued: 1149378112
   4.357 Checksum of DisplayPlates: 1632978410
   4.357 Checksum of Empty_Miner_Tool: 1858183049
   4.357 Checksum of exotic-industries-containers: 3828183138
   4.357 Checksum of exotic-industries-graphics: 0
   4.357 Checksum of exotic-industries-graphics-2: 0
   4.357 Checksum of exotic-industries-loaders: 3354881608
   4.357 Checksum of exotic-industries-robots: 1107555197
   4.357 Checksum of exotic-industries-tanks: 3423072893
   4.357 Checksum of exotic-industries-trains: 2184598450
   4.357 Checksum of extra-storage-tank: 2435858210
   4.357 Checksum of extra-storage-tank-minibuffer: 67013791
   4.357 Checksum of FactorySearch: 3884463200
   4.357 Checksum of flib: 808631097
   4.357 Checksum of Flow Control: 392394692
   4.357 Checksum of Fluid-level-indicator: 1940856413
   4.357 Checksum of ghost-counter: 4082065808
   4.357 Checksum of helmod: 1713265098
   4.357 Checksum of informatron: 3677685015
   4.357 Checksum of inserter-throughput: 139857348
   4.357 Checksum of inventory-repair: 3516546316
   4.357 Checksum of mining-patch-planner: 2557496365
   4.357 Checksum of roborange: 3386466520
   4.357 Checksum of show-max-underground-distance: 1201560390
   4.357 Checksum of spidertron-extra: 3526602849
   4.357 Checksum of Squeak Through: 2759453103
   4.357 Checksum of stdlib: 0
   4.357 Checksum of Teleporters: 927024995
   4.357 Checksum of textplates: 1728524371
   4.357 Checksum of train-upgrader: 1660341508
   4.357 Checksum of WellPlanner: 595151163
   4.357 Checksum of BlueprintTools: 3182237036
   4.357 Checksum of ChangeInserterDropLane: 3042793311
   4.357 Checksum of circuit_visualizer: 3584155983
   4.357 Checksum of CursorEnhancements: 3739699852
   4.357 Checksum of dqol-resource-monitor: 3595125957
   4.357 Checksum of equipment-gantry: 3031703972
   4.357 Checksum of exotic-industries-fueler: 3790383681
   4.357 Checksum of FluidMustFlow: 1260677221
   4.357 Checksum of Milestones: 523240851
   4.357 Checksum of ModuleInserterEx: 1963786720
   4.357 Checksum of Nanobots: 1360658138
   4.357 Checksum of PipeVisualizer: 1119640228
   4.357 Checksum of RateCalculator: 1583889360
   4.357 Checksum of RecipeBook: 705957041
   4.357 Checksum of RemoteConfiguration: 3108572328
   4.357 Checksum of Shortcuts-ick: 2247280425
   4.357 Checksum of exotic-industries: 2805314279
   4.357 Checksum of factoryplanner: 1820446287
   4.357 Checksum of SpidertronEnhancements: 2254830277
   4.357 Checksum of UltimateResearchQueue: 2609400794
   4.357 Checksum of SpidertronPatrols: 2209211969
   4.357 Checksum of exotic-industries-modpack: 0
   4.798 Prototype list checksum: 533208630
   4.987 Info PlayerData.cpp:76: Local player-data.json available, timestamp 1722460679
   4.987 Info PlayerData.cpp:83: Cloud player-data.json unavailable
   4.989 Factorio initialised
   4.990 Info ServerSynchronizer.cpp:29: nextHeartbeatSequenceNumber(0) initialized Synchronizer nextTickClosureTick(0).
   4.990 Info ServerMultiplayerManager.cpp:814: updateTick(4294967295) changing state from(Ready) to(PreparedToHostGame)
   4.990 Info ServerMultiplayerManager.cpp:814: updateTick(4294967295) changing state from(PreparedToHostGame) to(CreatingGame)
   4.991 Loading map /home/deck/.factorio/saves/_autosave3.zip: 99791555 bytes.
   5.009 Loading level.dat: 257042059 bytes.
   5.014 Info Scenario.cpp:204: Map version 1.1.109-0
  11.180 Loading script.dat: 26727350 bytes.
  11.183 Checksum for script /home/deck/.factorio/temp/currently-playing/control.lua: 3702463597
  11.186 Checksum for script __belt-visualizer__/control.lua: 397631293
  11.187 Checksum for script __VehicleSnap__/control.lua: 4191411753
  11.189 Checksum for script __aai-signal-transmission__/control.lua: 3246550091
  11.194 Checksum for script __better-victory-screen__/control.lua: 2611833740
  11.195 Checksum for script __botReplacer__/control.lua: 2055343933
  11.198 Checksum for script __ch-concentrated-solar__/control.lua: 2796163898
  11.200 Checksum for script __circuit-checker__/control.lua: 2142732719
  11.201 Checksum for script __ClearSkiesOfPeace__/control.lua: 3216173085
  11.209 Checksum for script __Constructron-Continued__/control.lua: 3148715097
  11.210 Checksum for script __DisplayPlates__/control.lua: 3114016938
  11.211 Checksum for script __Empty_Miner_Tool__/control.lua: 2143232865
  11.212 Checksum for script __exotic-industries-graphics__/control.lua: 0
  11.213 Checksum for script __exotic-industries-loaders__/control.lua: 2898759474
  11.213 Checksum for script __exotic-industries-robots__/control.lua: 0
  11.215 Checksum for script __exotic-industries-trains__/control.lua: 4084265909
  11.220 Checksum for script __FactorySearch__/control.lua: 2641754293
  11.221 Checksum for script __Fluid-level-indicator__/control.lua: 762718794
  11.223 Checksum for script __ghost-counter__/control.lua: 1530902625
  11.265 Checksum for script __helmod__/control.lua: 239582022
  11.267 Checksum for script __informatron__/control.lua: 2245850782
  11.269 Checksum for script __inserter-throughput__/control.lua: 288611273
  11.270 Checksum for script __inventory-repair__/control.lua: 732696874
  11.282 Checksum for script __mining-patch-planner__/control.lua: 90692608
  11.285 Checksum for script __Teleporters__/control.lua: 460266356
  11.286 Checksum for script __textplates__/control.lua: 643277855
  11.288 Checksum for script __train-upgrader__/control.lua: 364147115
  11.290 Checksum for script __WellPlanner__/control.lua: 3250047667
  11.294 Checksum for script __BlueprintTools__/control.lua: 882406411
  11.296 Checksum for script __ChangeInserterDropLane__/control.lua: 1099417318
  11.298 Checksum for script __circuit_visualizer__/control.lua: 597750124
  11.301 Checksum for script __CursorEnhancements__/control.lua: 2839551282
  11.310 Checksum for script __dqol-resource-monitor__/control.lua: 3114654173
  11.312 Checksum for script __equipment-gantry__/control.lua: 525186582
  11.313 Checksum for script __exotic-industries-fueler__/control.lua: 3230314026
  11.314 Checksum for script __FluidMustFlow__/control.lua: 732847295
  11.324 Checksum for script __Milestones__/control.lua: 472274372
  11.328 Checksum for script __ModuleInserterEx__/control.lua: 1660454095
  11.338 Checksum for script __Nanobots__/control.lua: 1686961069
  11.343 Checksum for script __PipeVisualizer__/control.lua: 2590613566
  11.349 Checksum for script __RateCalculator__/control.lua: 3715972063
  11.364 Checksum for script __RecipeBook__/control.lua: 1421767749
  11.366 Checksum for script __RemoteConfiguration__/control.lua: 2268406436
  11.368 Checksum for script __Shortcuts-ick__/control.lua: 4167507118
  11.392 Checksum for script __exotic-industries__/control.lua: 4040903547
  11.418 Checksum for script __factoryplanner__/control.lua: 3273393525
  11.422 Checksum for script __SpidertronEnhancements__/control.lua: 1896138744
  11.427 Checksum for script __UltimateResearchQueue__/control.lua: 4222542298
  11.432 Checksum for script __SpidertronPatrols__/control.lua: 4172142355
  13.257 Info UDPSocket.cpp:33: Opening socket at (IP ADDR:({0.0.0.0:34197}))
  13.257 Hosting game at IP ADDR:({0.0.0.0:34197})
  13.257 Info HttpSharedState.cpp:58: Downloading https://auth.factorio.com/generate-server-padlock-2?api_version=6
  13.420 Info AuthServerConnector.cpp:95: Obtained serverPadlock for serverHash (dsipwHdmQuCKlUvX40vW1Hx3mmr2ch2d) from the auth server.
  13.420 Info ServerMultiplayerManager.cpp:814: updateTick(256596408) changing state from(CreatingGame) to(InGame)
  13.420 Info UDPSocket.cpp:45: Opening socket for broadcast
  13.421 Info CommandLineMultiplayer.cpp:297: Maximum segment size = 100; minimum segment size = 25; maximum-segment-size peer count = 10; minimum-segment-size peer count = 20
  13.421 Error InterruptibleStdioStream.cpp:61: Got EOF on stdin; closing
  87.684 ConnectionRequestReplyConfirm (type(ConnectionRequestReplyConfirm) ) from(IP ADDR:({10.10.0.60:64281}))
  87.685 Refusing connection for address (IP ADDR:({10.10.0.60:64281})), username (Synthe6). UserVerificationMissing
  88.547 ConnectionRequestReplyConfirm (type(ConnectionRequestReplyConfirm) ) from(IP ADDR:({10.10.0.60:61318}))
  88.547 Info ServerRouter.cpp:465: Replying to connectionRequest for address(IP ADDR:({10.10.0.60:61318})).
  88.547 Info ServerSynchronizer.cpp:604: nextHeartbeatSequenceNumber(3778) adding peer(1)
  88.567 Info ServerMultiplayerManager.cpp:814: updateTick(256600187) changing state from(InGame) to(InGameSavingMap)
  88.604 Info ServerMultiplayerManager.cpp:963: updateTick(256600187) received stateChanged peerID(1) oldState(Ready) newState(ConnectedWaitingForMap)
  92.637 Info ServerMultiplayerManager.cpp:1024: UpdateTick(256600187) Serving map(/home/deck/.factorio/temp/mp-save-0.zip) for peer(1) size(99703789) auxiliary(171) crc(4048717379)
  92.637 Info ServerMultiplayerManager.cpp:814: updateTick(256600187) changing state from(InGameSavingMap) to(InGame)
  92.714 Info ServerMultiplayerManager.cpp:963: updateTick(256600191) received stateChanged peerID(1) oldState(ConnectedWaitingForMap) newState(ConnectedDownloadingMap)
 102.417 Info ServerMultiplayerManager.cpp:963: updateTick(256600693) received stateChanged peerID(1) oldState(ConnectedDownloadingMap) newState(ConnectedLoadingMap)
 113.955 Info ServerMultiplayerManager.cpp:963: updateTick(256601281) received stateChanged peerID(1) oldState(ConnectedLoadingMap) newState(TryingToCatchUp)
 123.803 Info ServerMultiplayerManager.cpp:963: updateTick(256601767) received stateChanged peerID(1) oldState(TryingToCatchUp) newState(WaitingForCommandToStartSendingTickClosures)
 123.804 Info GameActionHandler.cpp:5084: UpdateTick (256601767) processed PlayerJoinGame peerID(1) playerIndex(0) mode(connect) 
 123.844 Info ServerMultiplayerManager.cpp:963: updateTick(256601769) received stateChanged peerID(1) oldState(WaitingForCommandToStartSendingTickClosures) newState(InGame)
2024-07-31 17:20:15 [JOIN] Synthe6 joined the game
